<?xml version="1.0" encoding="UTF-8"?>
<!-- Generated by org.testng.reporters.JUnitReportReporter -->
<testsuite hostname="DESKTOP-T5J9HRI" failures="0" tests="1" name="com.test.webservice.scripts.GitHubApi" time="2.861" errors="0" timestamp="2023-11-30T21:33:22 CST" skipped="0">
  <testcase classname="com.test.webservice.scripts.GitHubApi" name="Getsinglerepository" time="2.861"/>
  <system-out/>
</testsuite> <!-- com.test.webservice.scripts.GitHubApi -->
