<?xml version="1.0" encoding="UTF-8"?>
<!-- Generated by org.testng.reporters.JUnitReportReporter -->
<testsuite hostname="DESKTOP-T5J9HRI" failures="0" tests="1" name="com.test.webservice.scripts.TekarchApis" time="3.042" errors="0" timestamp="2023-11-30T16:44:39 CST" skipped="0">
  <testcase classname="com.test.webservice.scripts.TekarchApis" name="Getsinglerepository" time="3.042"/>
  <system-out/>
</testsuite> <!-- com.test.webservice.scripts.TekarchApis -->
